<?xml version="1.0" encoding="UTF-8"?>
<!-- Generated by org.testng.reporters.JUnitXMLReporter -->
<testsuite hostname="DESKTOP-5MU6NLQ" ignored="14" name="Chrome Testing" tests="10" failures="0" timestamp="05 May 2019 13:09:27 GMT" time="82.944" errors="0">
  <testcase name="userCanDeleteComputer" time="9.418" classname="tests.DeleteComputerTest"/>
  <testcase name="userCanAddNewComputer" time="4.544" classname="tests.AddComputerTest"/>
  <testcase name="userCanEditComputerName" time="8.423" classname="tests.EditComputerTest"/>
  <testcase name="userCanSearchForComputerName" time="4.322" classname="tests.SearchForComputerTest"/>
  <testcase name="userCanViewComputerDataInSearchResults" time="3.599" classname="tests.ViewComputerDataTest"/>
  <testcase name="userCannotAddComputerWithoutName" time="5.086" classname="tests.AddComputerTest"/>
  <testcase name="userCanEditSavedComputerData" time="4.917" classname="tests.EditComputerTest"/>
  <testcase name="usercannotFindDeletedUniqueComputerName" time="5.149" classname="tests.SearchForComputerTest"/>
  <testcase name="userCanViewComputerDataInEditPage" time="4.518" classname="tests.ViewComputerDataTest"/>
  <testcase name="userCannotEditComputerWithoutName" time="6.539" classname="tests.EditComputerTest"/>
  <testcase name="feature" time="0.0" classname="cucumber.api.testng.AbstractTestNGCucumberTests">
    <ignored/>
  </testcase> <!-- feature -->
  <testcase name="feature" time="0.0" classname="cucumber.api.testng.AbstractTestNGCucumberTests">
    <ignored/>
  </testcase> <!-- feature -->
  <testcase name="feature" time="0.0" classname="cucumber.api.testng.AbstractTestNGCucumberTests">
    <ignored/>
  </testcase> <!-- feature -->
  <testcase name="feature" time="0.0" classname="cucumber.api.testng.AbstractTestNGCucumberTests">
    <ignored/>
  </testcase> <!-- feature -->
  <testcase name="feature" time="0.0" classname="cucumber.api.testng.AbstractTestNGCucumberTests">
    <ignored/>
  </testcase> <!-- feature -->
  <testcase name="userCannotAddComputerWithInvalidDates" time="0.0" classname="tests.AddComputerTest">
    <ignored/>
  </testcase> <!-- userCannotAddComputerWithInvalidDates -->
  <testcase name="@AfterTest StopDriver" time="0.0" classname="tests.TestBase">
    <ignored/>
  </testcase> <!-- @AfterTest StopDriver -->
  <testcase name="@AfterTest StopDriver" time="0.0" classname="tests.TestBase">
    <ignored/>
  </testcase> <!-- @AfterTest StopDriver -->
  <testcase name="@AfterTest StopDriver" time="0.0" classname="tests.TestBase">
    <ignored/>
  </testcase> <!-- @AfterTest StopDriver -->
  <testcase name="@AfterTest StopDriver" time="0.0" classname="tests.TestBase">
    <ignored/>
  </testcase> <!-- @AfterTest StopDriver -->
  <testcase name="@BeforeTest SetUpEnvironment" time="0.0" classname="tests.TestBase">
    <ignored/>
  </testcase> <!-- @BeforeTest SetUpEnvironment -->
  <testcase name="@BeforeTest SetUpEnvironment" time="0.0" classname="tests.TestBase">
    <ignored/>
  </testcase> <!-- @BeforeTest SetUpEnvironment -->
  <testcase name="@BeforeTest SetUpEnvironment" time="0.0" classname="tests.TestBase">
    <ignored/>
  </testcase> <!-- @BeforeTest SetUpEnvironment -->
  <testcase name="@BeforeTest SetUpEnvironment" time="0.0" classname="tests.TestBase">
    <ignored/>
  </testcase> <!-- @BeforeTest SetUpEnvironment -->
</testsuite> <!-- Chrome Testing -->
