<?xml version="1.0" encoding="UTF-8"?>
<!-- Generated by org.testng.reporters.JUnitXMLReporter -->
<testsuite hostname="DESKTOP-5MU6NLQ" ignored="14" name="Chrome Testing" tests="10" failures="0" timestamp="05 May 2019 11:35:58 GMT" time="53.501" errors="0">
  <testcase name="userCanDeleteComputer" time="4.919" classname="tests.DeleteComputerTest"/>
  <testcase name="userCanAddNewComputer" time="1.745" classname="tests.AddComputerTest"/>
  <testcase name="userCanEditComputerName" time="3.411" classname="tests.EditComputerTest"/>
  <testcase name="userCanSearchForComputerName" time="2.972" classname="tests.SearchForComputerTest"/>
  <testcase name="userCanViewComputerDataInSearchResults" time="3.822" classname="tests.ViewComputerDataTest"/>
  <testcase name="userCannotAddComputerWithoutName" time="5.888" classname="tests.AddComputerTest"/>
  <testcase name="userCanEditSavedComputerData" time="3.673" classname="tests.EditComputerTest"/>
  <testcase name="usercannotFindDeletedUniqueComputerName" time="4.612" classname="tests.SearchForComputerTest"/>
  <testcase name="userCanViewComputerDataInEditPage" time="3.699" classname="tests.ViewComputerDataTest"/>
  <testcase name="userCannotEditComputerWithoutName" time="5.008" classname="tests.EditComputerTest"/>
  <testcase name="feature" time="0.0" classname="cucumber.api.testng.AbstractTestNGCucumberTests">
    <ignored/>
  </testcase> <!-- feature -->
  <testcase name="feature" time="0.0" classname="cucumber.api.testng.AbstractTestNGCucumberTests">
    <ignored/>
  </testcase> <!-- feature -->
  <testcase name="feature" time="0.0" classname="cucumber.api.testng.AbstractTestNGCucumberTests">
    <ignored/>
  </testcase> <!-- feature -->
  <testcase name="feature" time="0.0" classname="cucumber.api.testng.AbstractTestNGCucumberTests">
    <ignored/>
  </testcase> <!-- feature -->
  <testcase name="feature" time="0.0" classname="cucumber.api.testng.AbstractTestNGCucumberTests">
    <ignored/>
  </testcase> <!-- feature -->
  <testcase name="userCannotAddComputerWithInvalidDates" time="0.0" classname="tests.AddComputerTest">
    <ignored/>
  </testcase> <!-- userCannotAddComputerWithInvalidDates -->
  <testcase name="@AfterTest StopDriver" time="0.0" classname="tests.TestBase">
    <ignored/>
  </testcase> <!-- @AfterTest StopDriver -->
  <testcase name="@AfterTest StopDriver" time="0.0" classname="tests.TestBase">
    <ignored/>
  </testcase> <!-- @AfterTest StopDriver -->
  <testcase name="@AfterTest StopDriver" time="0.0" classname="tests.TestBase">
    <ignored/>
  </testcase> <!-- @AfterTest StopDriver -->
  <testcase name="@AfterTest StopDriver" time="0.0" classname="tests.TestBase">
    <ignored/>
  </testcase> <!-- @AfterTest StopDriver -->
  <testcase name="@BeforeTest SetUpEnvironment" time="0.0" classname="tests.TestBase">
    <ignored/>
  </testcase> <!-- @BeforeTest SetUpEnvironment -->
  <testcase name="@BeforeTest SetUpEnvironment" time="0.0" classname="tests.TestBase">
    <ignored/>
  </testcase> <!-- @BeforeTest SetUpEnvironment -->
  <testcase name="@BeforeTest SetUpEnvironment" time="0.0" classname="tests.TestBase">
    <ignored/>
  </testcase> <!-- @BeforeTest SetUpEnvironment -->
  <testcase name="@BeforeTest SetUpEnvironment" time="0.0" classname="tests.TestBase">
    <ignored/>
  </testcase> <!-- @BeforeTest SetUpEnvironment -->
</testsuite> <!-- Chrome Testing -->
