<?xml version="1.0" encoding="UTF-8"?>
<!-- Generated by org.testng.reporters.JUnitXMLReporter -->
<testsuite hostname="DESKTOP-5MU6NLQ" ignored="14" name="Firefox Testing" tests="10" failures="0" timestamp="05 May 2019 13:10:37 GMT" time="69.929" errors="0">
  <testcase name="userCanDeleteComputer" time="14.034" classname="tests.DeleteComputerTest"/>
  <testcase name="userCanAddNewComputer" time="1.95" classname="tests.AddComputerTest"/>
  <testcase name="userCanEditComputerName" time="3.643" classname="tests.EditComputerTest"/>
  <testcase name="userCanSearchForComputerName" time="2.794" classname="tests.SearchForComputerTest"/>
  <testcase name="userCanViewComputerDataInSearchResults" time="3.287" classname="tests.ViewComputerDataTest"/>
  <testcase name="userCannotAddComputerWithoutName" time="2.631" classname="tests.AddComputerTest"/>
  <testcase name="userCanEditSavedComputerData" time="3.833" classname="tests.EditComputerTest"/>
  <testcase name="usercannotFindDeletedUniqueComputerName" time="4.241" classname="tests.SearchForComputerTest"/>
  <testcase name="userCanViewComputerDataInEditPage" time="4.237" classname="tests.ViewComputerDataTest"/>
  <testcase name="userCannotEditComputerWithoutName" time="4.761" classname="tests.EditComputerTest"/>
  <testcase name="feature" time="0.0" classname="cucumber.api.testng.AbstractTestNGCucumberTests">
    <ignored/>
  </testcase> <!-- feature -->
  <testcase name="feature" time="0.0" classname="cucumber.api.testng.AbstractTestNGCucumberTests">
    <ignored/>
  </testcase> <!-- feature -->
  <testcase name="feature" time="0.0" classname="cucumber.api.testng.AbstractTestNGCucumberTests">
    <ignored/>
  </testcase> <!-- feature -->
  <testcase name="feature" time="0.0" classname="cucumber.api.testng.AbstractTestNGCucumberTests">
    <ignored/>
  </testcase> <!-- feature -->
  <testcase name="feature" time="0.0" classname="cucumber.api.testng.AbstractTestNGCucumberTests">
    <ignored/>
  </testcase> <!-- feature -->
  <testcase name="userCannotAddComputerWithInvalidDates" time="0.0" classname="tests.AddComputerTest">
    <ignored/>
  </testcase> <!-- userCannotAddComputerWithInvalidDates -->
  <testcase name="@AfterTest StopDriver" time="0.0" classname="tests.TestBase">
    <ignored/>
  </testcase> <!-- @AfterTest StopDriver -->
  <testcase name="@AfterTest StopDriver" time="0.0" classname="tests.TestBase">
    <ignored/>
  </testcase> <!-- @AfterTest StopDriver -->
  <testcase name="@AfterTest StopDriver" time="0.0" classname="tests.TestBase">
    <ignored/>
  </testcase> <!-- @AfterTest StopDriver -->
  <testcase name="@AfterTest StopDriver" time="0.0" classname="tests.TestBase">
    <ignored/>
  </testcase> <!-- @AfterTest StopDriver -->
  <testcase name="@BeforeTest SetUpEnvironment" time="0.0" classname="tests.TestBase">
    <ignored/>
  </testcase> <!-- @BeforeTest SetUpEnvironment -->
  <testcase name="@BeforeTest SetUpEnvironment" time="0.0" classname="tests.TestBase">
    <ignored/>
  </testcase> <!-- @BeforeTest SetUpEnvironment -->
  <testcase name="@BeforeTest SetUpEnvironment" time="0.0" classname="tests.TestBase">
    <ignored/>
  </testcase> <!-- @BeforeTest SetUpEnvironment -->
  <testcase name="@BeforeTest SetUpEnvironment" time="0.0" classname="tests.TestBase">
    <ignored/>
  </testcase> <!-- @BeforeTest SetUpEnvironment -->
</testsuite> <!-- Firefox Testing -->
