<?xml version="1.0" encoding="UTF-8"?>
<!-- Generated by org.testng.reporters.JUnitXMLReporter -->
<testsuite hostname="DESKTOP-5MU6NLQ" ignored="14" name="Firefox Testing" tests="10" failures="0" timestamp="05 May 2019 11:36:56 GMT" time="57.316" errors="0">
  <testcase name="userCanDeleteComputer" time="4.107" classname="tests.DeleteComputerTest"/>
  <testcase name="userCanAddNewComputer" time="2.406" classname="tests.AddComputerTest"/>
  <testcase name="userCanEditComputerName" time="3.89" classname="tests.EditComputerTest"/>
  <testcase name="userCanSearchForComputerName" time="3.176" classname="tests.SearchForComputerTest"/>
  <testcase name="userCanViewComputerDataInSearchResults" time="3.626" classname="tests.ViewComputerDataTest"/>
  <testcase name="userCannotAddComputerWithoutName" time="2.602" classname="tests.AddComputerTest"/>
  <testcase name="userCanEditSavedComputerData" time="6.483" classname="tests.EditComputerTest"/>
  <testcase name="usercannotFindDeletedUniqueComputerName" time="3.353" classname="tests.SearchForComputerTest"/>
  <testcase name="userCanViewComputerDataInEditPage" time="3.024" classname="tests.ViewComputerDataTest"/>
  <testcase name="userCannotEditComputerWithoutName" time="4.218" classname="tests.EditComputerTest"/>
  <testcase name="feature" time="0.0" classname="cucumber.api.testng.AbstractTestNGCucumberTests">
    <ignored/>
  </testcase> <!-- feature -->
  <testcase name="feature" time="0.0" classname="cucumber.api.testng.AbstractTestNGCucumberTests">
    <ignored/>
  </testcase> <!-- feature -->
  <testcase name="feature" time="0.0" classname="cucumber.api.testng.AbstractTestNGCucumberTests">
    <ignored/>
  </testcase> <!-- feature -->
  <testcase name="feature" time="0.0" classname="cucumber.api.testng.AbstractTestNGCucumberTests">
    <ignored/>
  </testcase> <!-- feature -->
  <testcase name="feature" time="0.0" classname="cucumber.api.testng.AbstractTestNGCucumberTests">
    <ignored/>
  </testcase> <!-- feature -->
  <testcase name="userCannotAddComputerWithInvalidDates" time="0.0" classname="tests.AddComputerTest">
    <ignored/>
  </testcase> <!-- userCannotAddComputerWithInvalidDates -->
  <testcase name="@AfterTest StopDriver" time="0.0" classname="tests.TestBase">
    <ignored/>
  </testcase> <!-- @AfterTest StopDriver -->
  <testcase name="@AfterTest StopDriver" time="0.0" classname="tests.TestBase">
    <ignored/>
  </testcase> <!-- @AfterTest StopDriver -->
  <testcase name="@AfterTest StopDriver" time="0.0" classname="tests.TestBase">
    <ignored/>
  </testcase> <!-- @AfterTest StopDriver -->
  <testcase name="@AfterTest StopDriver" time="0.0" classname="tests.TestBase">
    <ignored/>
  </testcase> <!-- @AfterTest StopDriver -->
  <testcase name="@BeforeTest SetUpEnvironment" time="0.0" classname="tests.TestBase">
    <ignored/>
  </testcase> <!-- @BeforeTest SetUpEnvironment -->
  <testcase name="@BeforeTest SetUpEnvironment" time="0.0" classname="tests.TestBase">
    <ignored/>
  </testcase> <!-- @BeforeTest SetUpEnvironment -->
  <testcase name="@BeforeTest SetUpEnvironment" time="0.0" classname="tests.TestBase">
    <ignored/>
  </testcase> <!-- @BeforeTest SetUpEnvironment -->
  <testcase name="@BeforeTest SetUpEnvironment" time="0.0" classname="tests.TestBase">
    <ignored/>
  </testcase> <!-- @BeforeTest SetUpEnvironment -->
</testsuite> <!-- Firefox Testing -->
