<?xml version="1.0" encoding="UTF-8"?>
<testsuite xmlns:xsi="http://www.w3.org/2001/XMLSchema-instance" xsi:noNamespaceSchemaLocation="https://maven.apache.org/surefire/maven-surefire-plugin/xsd/surefire-test-report.xsd" name="TestSuite" time="155.973" tests="20" errors="0" skipped="0" failures="0">
  <properties>
[...]
</properties>
  <testcase name="userCanDeleteComputer" classname="tests.DeleteComputerTest" time="9.423"/>
  <testcase name="userCanDeleteComputer" classname="tests.DeleteComputerTest" time="14.067"/>
  <testcase name="userCanAddNewComputer" classname="tests.AddComputerTest" time="4.717"/>
  <testcase name="userCanAddNewComputer" classname="tests.AddComputerTest" time="2.11"/>
  <testcase name="userCanEditComputerName" classname="tests.EditComputerTest" time="8.25"/>
  <testcase name="userCanEditComputerName" classname="tests.EditComputerTest" time="3.483"/>
  <testcase name="userCanSearchForComputerName" classname="tests.SearchForComputerTest" time="4.325"/>
  <testcase name="userCanSearchForComputerName" classname="tests.SearchForComputerTest" time="2.819"/>
  <testcase name="userCanViewComputerDataInSearchResults" classname="tests.ViewComputerDataTest" time="3.602"/>
  <testcase name="userCanViewComputerDataInSearchResults" classname="tests.ViewComputerDataTest" time="3.291"/>
  <testcase name="userCannotAddComputerWithoutName" classname="tests.AddComputerTest" time="5.106"/>
  <testcase name="userCannotAddComputerWithoutName" classname="tests.AddComputerTest" time="2.641"/>
  <testcase name="userCanEditSavedComputerData" classname="tests.EditComputerTest" time="4.897"/>
  <testcase name="userCanEditSavedComputerData" classname="tests.EditComputerTest" time="3.831"/>
  <testcase name="usercannotFindDeletedUniqueComputerName" classname="tests.SearchForComputerTest" time="5.14"/>
  <testcase name="usercannotFindDeletedUniqueComputerName" classname="tests.SearchForComputerTest" time="4.236"/>
  <testcase name="userCanViewComputerDataInEditPage" classname="tests.ViewComputerDataTest" time="4.514"/>
  <testcase name="userCanViewComputerDataInEditPage" classname="tests.ViewComputerDataTest" time="4.242"/>
  <testcase name="userCannotEditComputerWithoutName" classname="tests.EditComputerTest" time="6.538"/>
  <testcase name="userCannotEditComputerWithoutName" classname="tests.EditComputerTest" time="4.755"/>
</testsuite>