<?xml version="1.0" encoding="UTF-8"?>
<testng-results skipped="0" failed="0" ignored="28" total="48" passed="20">
  <reporter-output>
  </reporter-output>
  <suite name="Regression Suite" duration-ms="153245" started-at="2019-05-05T13:08:04Z" finished-at="2019-05-05T13:10:37Z">
    <groups>
      <group name="Regression">
        <method signature="AddComputerTest.userCanAddNewComputer()[pri:1, instance:tests.AddComputerTest@13a57a3b]" name="userCanAddNewComputer" class="tests.AddComputerTest"/>
        <method signature="AddComputerTest.userCannotAddComputerWithoutName()[pri:2, instance:tests.AddComputerTest@13a57a3b]" name="userCannotAddComputerWithoutName" class="tests.AddComputerTest"/>
        <method signature="DeleteComputerTest.userCanDeleteComputer()[pri:0, instance:tests.DeleteComputerTest@337d0578]" name="userCanDeleteComputer" class="tests.DeleteComputerTest"/>
        <method signature="EditComputerTest.userCanEditComputerName()[pri:1, instance:tests.EditComputerTest@7ca48474]" name="userCanEditComputerName" class="tests.EditComputerTest"/>
        <method signature="EditComputerTest.userCanEditSavedComputerData()[pri:2, instance:tests.EditComputerTest@7ca48474]" name="userCanEditSavedComputerData" class="tests.EditComputerTest"/>
        <method signature="EditComputerTest.userCannotEditComputerWithoutName()[pri:3, instance:tests.EditComputerTest@7ca48474]" name="userCannotEditComputerWithoutName" class="tests.EditComputerTest"/>
        <method signature="SearchForComputerTest.userCanSearchForComputerName()[pri:1, instance:tests.SearchForComputerTest@59e84876]" name="userCanSearchForComputerName" class="tests.SearchForComputerTest"/>
        <method signature="SearchForComputerTest.usercannotFindDeletedUniqueComputerName()[pri:2, instance:tests.SearchForComputerTest@59e84876]" name="usercannotFindDeletedUniqueComputerName" class="tests.SearchForComputerTest"/>
        <method signature="ViewComputerDataTest.userCanViewComputerDataInEditPage()[pri:2, instance:tests.ViewComputerDataTest@61a485d2]" name="userCanViewComputerDataInEditPage" class="tests.ViewComputerDataTest"/>
        <method signature="ViewComputerDataTest.userCanViewComputerDataInSearchResults()[pri:1, instance:tests.ViewComputerDataTest@61a485d2]" name="userCanViewComputerDataInSearchResults" class="tests.ViewComputerDataTest"/>
        <method signature="AddComputerTest.userCanAddNewComputer()[pri:1, instance:tests.AddComputerTest@215be6bb]" name="userCanAddNewComputer" class="tests.AddComputerTest"/>
        <method signature="AddComputerTest.userCannotAddComputerWithoutName()[pri:2, instance:tests.AddComputerTest@215be6bb]" name="userCannotAddComputerWithoutName" class="tests.AddComputerTest"/>
        <method signature="DeleteComputerTest.userCanDeleteComputer()[pri:0, instance:tests.DeleteComputerTest@5dfcfece]" name="userCanDeleteComputer" class="tests.DeleteComputerTest"/>
        <method signature="EditComputerTest.userCanEditComputerName()[pri:1, instance:tests.EditComputerTest@4439f31e]" name="userCanEditComputerName" class="tests.EditComputerTest"/>
        <method signature="EditComputerTest.userCanEditSavedComputerData()[pri:2, instance:tests.EditComputerTest@4439f31e]" name="userCanEditSavedComputerData" class="tests.EditComputerTest"/>
        <method signature="EditComputerTest.userCannotEditComputerWithoutName()[pri:3, instance:tests.EditComputerTest@4439f31e]" name="userCannotEditComputerWithoutName" class="tests.EditComputerTest"/>
        <method signature="SearchForComputerTest.userCanSearchForComputerName()[pri:1, instance:tests.SearchForComputerTest@23ceabc1]" name="userCanSearchForComputerName" class="tests.SearchForComputerTest"/>
        <method signature="SearchForComputerTest.usercannotFindDeletedUniqueComputerName()[pri:2, instance:tests.SearchForComputerTest@23ceabc1]" name="usercannotFindDeletedUniqueComputerName" class="tests.SearchForComputerTest"/>
        <method signature="ViewComputerDataTest.userCanViewComputerDataInEditPage()[pri:2, instance:tests.ViewComputerDataTest@5d5eef3d]" name="userCanViewComputerDataInEditPage" class="tests.ViewComputerDataTest"/>
        <method signature="ViewComputerDataTest.userCanViewComputerDataInSearchResults()[pri:1, instance:tests.ViewComputerDataTest@5d5eef3d]" name="userCanViewComputerDataInSearchResults" class="tests.ViewComputerDataTest"/>
      </group> <!-- Regression -->
    </groups>
    <test name="Chrome Testing" duration-ms="82944" started-at="2019-05-05T13:08:04Z" finished-at="2019-05-05T13:09:27Z">
      <class name="tests.EditComputerTest">
        <test-method status="PASS" signature="setUpClass()[pri:0, instance:tests.EditComputerTest@7ca48474]" name="setUpClass" is-config="true" duration-ms="24" started-at="2019-05-05T13:08:43Z" finished-at="2019-05-05T13:08:43Z">
          <reporter-output>
          </reporter-output>
        </test-method> <!-- setUpClass -->
        <test-method status="PASS" signature="RetrievingDatafromJSON()[pri:0, instance:tests.EditComputerTest@7ca48474]" name="RetrievingDatafromJSON" is-config="true" duration-ms="0" started-at="2019-05-05T13:08:43Z" finished-at="2019-05-05T13:08:43Z">
          <reporter-output>
          </reporter-output>
        </test-method> <!-- RetrievingDatafromJSON -->
        <test-method status="PASS" signature="initiatingPageObjects()[pri:0, instance:tests.EditComputerTest@7ca48474]" name="initiatingPageObjects" is-config="true" duration-ms="2" started-at="2019-05-05T13:08:43Z" finished-at="2019-05-05T13:08:43Z">
          <reporter-output>
          </reporter-output>
        </test-method> <!-- initiatingPageObjects -->
        <test-method status="PASS" signature="userCanEditComputerName()[pri:1, instance:tests.EditComputerTest@7ca48474]" name="userCanEditComputerName" duration-ms="8423" started-at="2019-05-05T13:08:43Z" finished-at="2019-05-05T13:08:51Z">
          <reporter-output>
          </reporter-output>
        </test-method> <!-- userCanEditComputerName -->
        <test-method status="PASS" signature="screeshotOnFailure(org.testng.ITestResult)[pri:0, instance:tests.EditComputerTest@7ca48474]" name="screeshotOnFailure" is-config="true" duration-ms="0" started-at="2019-05-05T13:08:51Z" finished-at="2019-05-05T13:08:51Z">
          <params>
            <param index="0">
              <value>
                <![CDATA[[TestResult name=userCanEditComputerName status=SUCCESS method=EditComputerTest.userCanEditComputerName()[pri:1, instance:tests.EditComputerTest@7ca48474] output={null}]]]>
              </value>
            </param>
          </params>
          <reporter-output>
          </reporter-output>
        </test-method> <!-- screeshotOnFailure -->
        <test-method status="PASS" signature="initiatingPageObjects()[pri:0, instance:tests.EditComputerTest@7ca48474]" name="initiatingPageObjects" is-config="true" duration-ms="1" started-at="2019-05-05T13:09:05Z" finished-at="2019-05-05T13:09:05Z">
          <reporter-output>
          </reporter-output>
        </test-method> <!-- initiatingPageObjects -->
        <test-method status="PASS" signature="userCanEditSavedComputerData()[pri:2, instance:tests.EditComputerTest@7ca48474]" name="userCanEditSavedComputerData" duration-ms="4917" started-at="2019-05-05T13:09:05Z" finished-at="2019-05-05T13:09:09Z">
          <reporter-output>
          </reporter-output>
        </test-method> <!-- userCanEditSavedComputerData -->
        <test-method status="PASS" signature="screeshotOnFailure(org.testng.ITestResult)[pri:0, instance:tests.EditComputerTest@7ca48474]" name="screeshotOnFailure" is-config="true" duration-ms="0" started-at="2019-05-05T13:09:09Z" finished-at="2019-05-05T13:09:09Z">
          <params>
            <param index="0">
              <value>
                <![CDATA[[TestResult name=userCanEditSavedComputerData status=SUCCESS method=EditComputerTest.userCanEditSavedComputerData()[pri:2, instance:tests.EditComputerTest@7ca48474] output={null}]]]>
              </value>
            </param>
          </params>
          <reporter-output>
          </reporter-output>
        </test-method> <!-- screeshotOnFailure -->
        <test-method status="PASS" signature="initiatingPageObjects()[pri:0, instance:tests.EditComputerTest@7ca48474]" name="initiatingPageObjects" is-config="true" duration-ms="1" started-at="2019-05-05T13:09:19Z" finished-at="2019-05-05T13:09:19Z">
          <reporter-output>
          </reporter-output>
        </test-method> <!-- initiatingPageObjects -->
        <test-method status="PASS" signature="userCannotEditComputerWithoutName()[pri:3, instance:tests.EditComputerTest@7ca48474]" name="userCannotEditComputerWithoutName" duration-ms="6539" started-at="2019-05-05T13:09:19Z" finished-at="2019-05-05T13:09:26Z">
          <reporter-output>
          </reporter-output>
        </test-method> <!-- userCannotEditComputerWithoutName -->
        <test-method status="PASS" signature="screeshotOnFailure(org.testng.ITestResult)[pri:0, instance:tests.EditComputerTest@7ca48474]" name="screeshotOnFailure" is-config="true" duration-ms="1" started-at="2019-05-05T13:09:26Z" finished-at="2019-05-05T13:09:26Z">
          <params>
            <param index="0">
              <value>
                <![CDATA[[TestResult name=userCannotEditComputerWithoutName status=SUCCESS method=EditComputerTest.userCannotEditComputerWithoutName()[pri:3, instance:tests.EditComputerTest@7ca48474] output={null}]]]>
              </value>
            </param>
          </params>
          <reporter-output>
          </reporter-output>
        </test-method> <!-- screeshotOnFailure -->
        <test-method status="PASS" signature="tearDownClass()[pri:0, instance:tests.EditComputerTest@7ca48474]" name="tearDownClass" is-config="true" duration-ms="0" started-at="2019-05-05T13:09:26Z" finished-at="2019-05-05T13:09:26Z">
          <reporter-output>
          </reporter-output>
        </test-method> <!-- tearDownClass -->
      </class> <!-- tests.EditComputerTest -->
      <class name="tests.ViewComputerDataTest">
        <test-method status="PASS" signature="setUpClass()[pri:0, instance:tests.ViewComputerDataTest@61a485d2]" name="setUpClass" is-config="true" duration-ms="29" started-at="2019-05-05T13:08:56Z" finished-at="2019-05-05T13:08:56Z">
          <reporter-output>
          </reporter-output>
        </test-method> <!-- setUpClass -->
        <test-method status="PASS" signature="RetrievingDatafromJSON()[pri:0, instance:tests.ViewComputerDataTest@61a485d2]" name="RetrievingDatafromJSON" is-config="true" duration-ms="1" started-at="2019-05-05T13:08:56Z" finished-at="2019-05-05T13:08:56Z">
          <reporter-output>
          </reporter-output>
        </test-method> <!-- RetrievingDatafromJSON -->
        <test-method status="PASS" signature="initiatingPageObjects()[pri:0, instance:tests.ViewComputerDataTest@61a485d2]" name="initiatingPageObjects" is-config="true" duration-ms="3" started-at="2019-05-05T13:08:56Z" finished-at="2019-05-05T13:08:56Z">
          <reporter-output>
          </reporter-output>
        </test-method> <!-- initiatingPageObjects -->
        <test-method status="PASS" signature="userCanViewComputerDataInSearchResults()[pri:1, instance:tests.ViewComputerDataTest@61a485d2]" name="userCanViewComputerDataInSearchResults" duration-ms="3599" started-at="2019-05-05T13:08:56Z" finished-at="2019-05-05T13:08:59Z">
          <reporter-output>
          </reporter-output>
        </test-method> <!-- userCanViewComputerDataInSearchResults -->
        <test-method status="PASS" signature="screeshotOnFailure(org.testng.ITestResult)[pri:0, instance:tests.ViewComputerDataTest@61a485d2]" name="screeshotOnFailure" is-config="true" duration-ms="0" started-at="2019-05-05T13:08:59Z" finished-at="2019-05-05T13:08:59Z">
          <params>
            <param index="0">
              <value>
                <![CDATA[[TestResult name=userCanViewComputerDataInSearchResults status=SUCCESS method=ViewComputerDataTest.userCanViewComputerDataInSearchResults()[pri:1, instance:tests.ViewComputerDataTest@61a485d2] output={null}]]]>
              </value>
            </param>
          </params>
          <reporter-output>
          </reporter-output>
        </test-method> <!-- screeshotOnFailure -->
        <test-method status="PASS" signature="initiatingPageObjects()[pri:0, instance:tests.ViewComputerDataTest@61a485d2]" name="initiatingPageObjects" is-config="true" duration-ms="1" started-at="2019-05-05T13:09:15Z" finished-at="2019-05-05T13:09:15Z">
          <reporter-output>
          </reporter-output>
        </test-method> <!-- initiatingPageObjects -->
        <test-method status="PASS" signature="userCanViewComputerDataInEditPage()[pri:2, instance:tests.ViewComputerDataTest@61a485d2]" name="userCanViewComputerDataInEditPage" duration-ms="4518" started-at="2019-05-05T13:09:15Z" finished-at="2019-05-05T13:09:19Z">
          <reporter-output>
          </reporter-output>
        </test-method> <!-- userCanViewComputerDataInEditPage -->
        <test-method status="PASS" signature="screeshotOnFailure(org.testng.ITestResult)[pri:0, instance:tests.ViewComputerDataTest@61a485d2]" name="screeshotOnFailure" is-config="true" duration-ms="1" started-at="2019-05-05T13:09:19Z" finished-at="2019-05-05T13:09:19Z">
          <params>
            <param index="0">
              <value>
                <![CDATA[[TestResult name=userCanViewComputerDataInEditPage status=SUCCESS method=ViewComputerDataTest.userCanViewComputerDataInEditPage()[pri:2, instance:tests.ViewComputerDataTest@61a485d2] output={null}]]]>
              </value>
            </param>
          </params>
          <reporter-output>
          </reporter-output>
        </test-method> <!-- screeshotOnFailure -->
        <test-method status="PASS" signature="tearDownClass()[pri:0, instance:tests.ViewComputerDataTest@61a485d2]" name="tearDownClass" is-config="true" duration-ms="0" started-at="2019-05-05T13:09:19Z" finished-at="2019-05-05T13:09:19Z">
          <reporter-output>
          </reporter-output>
        </test-method> <!-- tearDownClass -->
      </class> <!-- tests.ViewComputerDataTest -->
      <class name="tests.AddComputerTest">
        <test-method status="PASS" signature="SetUpEnvironment(java.lang.String)[pri:0, instance:tests.AddComputerTest@13a57a3b]" name="SetUpEnvironment" is-config="true" duration-ms="21597" started-at="2019-05-05T13:08:04Z" finished-at="2019-05-05T13:08:26Z">
          <params>
            <param index="0">
              <value>
                <![CDATA[chrome]]>
              </value>
            </param>
          </params>
          <reporter-output>
          </reporter-output>
        </test-method> <!-- SetUpEnvironment -->
        <test-method status="PASS" signature="setUpClass()[pri:0, instance:tests.AddComputerTest@13a57a3b]" name="setUpClass" is-config="true" duration-ms="18" started-at="2019-05-05T13:08:38Z" finished-at="2019-05-05T13:08:38Z">
          <reporter-output>
          </reporter-output>
        </test-method> <!-- setUpClass -->
        <test-method status="PASS" signature="RetrievingDatafromJSON()[pri:0, instance:tests.AddComputerTest@13a57a3b]" name="RetrievingDatafromJSON" is-config="true" duration-ms="0" started-at="2019-05-05T13:08:38Z" finished-at="2019-05-05T13:08:38Z">
          <reporter-output>
          </reporter-output>
        </test-method> <!-- RetrievingDatafromJSON -->
        <test-method status="PASS" signature="initiatingPageObjects()[pri:0, instance:tests.AddComputerTest@13a57a3b]" name="initiatingPageObjects" is-config="true" duration-ms="1" started-at="2019-05-05T13:08:38Z" finished-at="2019-05-05T13:08:38Z">
          <reporter-output>
          </reporter-output>
        </test-method> <!-- initiatingPageObjects -->
        <test-method status="PASS" signature="userCanAddNewComputer()[pri:1, instance:tests.AddComputerTest@13a57a3b]" name="userCanAddNewComputer" duration-ms="4544" started-at="2019-05-05T13:08:38Z" finished-at="2019-05-05T13:08:43Z">
          <reporter-output>
          </reporter-output>
        </test-method> <!-- userCanAddNewComputer -->
        <test-method status="PASS" signature="screeshotOnFailure(org.testng.ITestResult)[pri:0, instance:tests.AddComputerTest@13a57a3b]" name="screeshotOnFailure" is-config="true" duration-ms="0" started-at="2019-05-05T13:08:43Z" finished-at="2019-05-05T13:08:43Z">
          <params>
            <param index="0">
              <value>
                <![CDATA[[TestResult name=userCanAddNewComputer status=SUCCESS method=AddComputerTest.userCanAddNewComputer()[pri:1, instance:tests.AddComputerTest@13a57a3b] output={null}]]]>
              </value>
            </param>
          </params>
          <reporter-output>
          </reporter-output>
        </test-method> <!-- screeshotOnFailure -->
        <test-method status="PASS" signature="initiatingPageObjects()[pri:0, instance:tests.AddComputerTest@13a57a3b]" name="initiatingPageObjects" is-config="true" duration-ms="2" started-at="2019-05-05T13:08:59Z" finished-at="2019-05-05T13:08:59Z">
          <reporter-output>
          </reporter-output>
        </test-method> <!-- initiatingPageObjects -->
        <test-method status="PASS" signature="userCannotAddComputerWithoutName()[pri:2, instance:tests.AddComputerTest@13a57a3b]" name="userCannotAddComputerWithoutName" duration-ms="5086" started-at="2019-05-05T13:08:59Z" finished-at="2019-05-05T13:09:05Z">
          <reporter-output>
          </reporter-output>
        </test-method> <!-- userCannotAddComputerWithoutName -->
        <test-method status="PASS" signature="screeshotOnFailure(org.testng.ITestResult)[pri:0, instance:tests.AddComputerTest@13a57a3b]" name="screeshotOnFailure" is-config="true" duration-ms="0" started-at="2019-05-05T13:09:05Z" finished-at="2019-05-05T13:09:05Z">
          <params>
            <param index="0">
              <value>
                <![CDATA[[TestResult name=userCannotAddComputerWithoutName status=SUCCESS method=AddComputerTest.userCannotAddComputerWithoutName()[pri:2, instance:tests.AddComputerTest@13a57a3b] output={null}]]]>
              </value>
            </param>
          </params>
          <reporter-output>
          </reporter-output>
        </test-method> <!-- screeshotOnFailure -->
        <test-method status="PASS" signature="tearDownClass()[pri:0, instance:tests.AddComputerTest@13a57a3b]" name="tearDownClass" is-config="true" duration-ms="1" started-at="2019-05-05T13:09:05Z" finished-at="2019-05-05T13:09:05Z">
          <reporter-output>
          </reporter-output>
        </test-method> <!-- tearDownClass -->
        <test-method status="PASS" signature="StopDriver()[pri:0, instance:tests.AddComputerTest@13a57a3b]" name="StopDriver" is-config="true" duration-ms="1382" started-at="2019-05-05T13:09:26Z" finished-at="2019-05-05T13:09:27Z">
          <reporter-output>
          </reporter-output>
        </test-method> <!-- StopDriver -->
      </class> <!-- tests.AddComputerTest -->
      <class name="tests.SearchForComputerTest">
        <test-method status="PASS" signature="setUpClass()[pri:0, instance:tests.SearchForComputerTest@59e84876]" name="setUpClass" is-config="true" duration-ms="17" started-at="2019-05-05T13:08:51Z" finished-at="2019-05-05T13:08:51Z">
          <reporter-output>
          </reporter-output>
        </test-method> <!-- setUpClass -->
        <test-method status="PASS" signature="RetrievingDatafromJSON()[pri:0, instance:tests.SearchForComputerTest@59e84876]" name="RetrievingDatafromJSON" is-config="true" duration-ms="1" started-at="2019-05-05T13:08:51Z" finished-at="2019-05-05T13:08:51Z">
          <reporter-output>
          </reporter-output>
        </test-method> <!-- RetrievingDatafromJSON -->
        <test-method status="PASS" signature="initiatingPageObjects()[pri:0, instance:tests.SearchForComputerTest@59e84876]" name="initiatingPageObjects" is-config="true" duration-ms="2" started-at="2019-05-05T13:08:51Z" finished-at="2019-05-05T13:08:51Z">
          <reporter-output>
          </reporter-output>
        </test-method> <!-- initiatingPageObjects -->
        <test-method status="PASS" signature="userCanSearchForComputerName()[pri:1, instance:tests.SearchForComputerTest@59e84876]" name="userCanSearchForComputerName" duration-ms="4322" started-at="2019-05-05T13:08:51Z" finished-at="2019-05-05T13:08:56Z">
          <reporter-output>
          </reporter-output>
        </test-method> <!-- userCanSearchForComputerName -->
        <test-method status="PASS" signature="screeshotOnFailure(org.testng.ITestResult)[pri:0, instance:tests.SearchForComputerTest@59e84876]" name="screeshotOnFailure" is-config="true" duration-ms="1" started-at="2019-05-05T13:08:56Z" finished-at="2019-05-05T13:08:56Z">
          <params>
            <param index="0">
              <value>
                <![CDATA[[TestResult name=userCanSearchForComputerName status=SUCCESS method=SearchForComputerTest.userCanSearchForComputerName()[pri:1, instance:tests.SearchForComputerTest@59e84876] output={null}]]]>
              </value>
            </param>
          </params>
          <reporter-output>
          </reporter-output>
        </test-method> <!-- screeshotOnFailure -->
        <test-method status="PASS" signature="initiatingPageObjects()[pri:0, instance:tests.SearchForComputerTest@59e84876]" name="initiatingPageObjects" is-config="true" duration-ms="8" started-at="2019-05-05T13:09:09Z" finished-at="2019-05-05T13:09:09Z">
          <reporter-output>
          </reporter-output>
        </test-method> <!-- initiatingPageObjects -->
        <test-method status="PASS" signature="usercannotFindDeletedUniqueComputerName()[pri:2, instance:tests.SearchForComputerTest@59e84876]" name="usercannotFindDeletedUniqueComputerName" duration-ms="5149" started-at="2019-05-05T13:09:09Z" finished-at="2019-05-05T13:09:15Z">
          <reporter-output>
          </reporter-output>
        </test-method> <!-- usercannotFindDeletedUniqueComputerName -->
        <test-method status="PASS" signature="screeshotOnFailure(org.testng.ITestResult)[pri:0, instance:tests.SearchForComputerTest@59e84876]" name="screeshotOnFailure" is-config="true" duration-ms="1" started-at="2019-05-05T13:09:15Z" finished-at="2019-05-05T13:09:15Z">
          <params>
            <param index="0">
              <value>
                <![CDATA[[TestResult name=usercannotFindDeletedUniqueComputerName status=SUCCESS method=SearchForComputerTest.usercannotFindDeletedUniqueComputerName()[pri:2, instance:tests.SearchForComputerTest@59e84876] output={null}]]]>
              </value>
            </param>
          </params>
          <reporter-output>
          </reporter-output>
        </test-method> <!-- screeshotOnFailure -->
        <test-method status="PASS" signature="tearDownClass()[pri:0, instance:tests.SearchForComputerTest@59e84876]" name="tearDownClass" is-config="true" duration-ms="0" started-at="2019-05-05T13:09:15Z" finished-at="2019-05-05T13:09:15Z">
          <reporter-output>
          </reporter-output>
        </test-method> <!-- tearDownClass -->
      </class> <!-- tests.SearchForComputerTest -->
      <class name="tests.DeleteComputerTest">
        <test-method status="PASS" signature="setUpClass()[pri:0, instance:tests.DeleteComputerTest@337d0578]" name="setUpClass" is-config="true" duration-ms="1566" started-at="2019-05-05T13:08:26Z" finished-at="2019-05-05T13:08:27Z">
          <reporter-output>
          </reporter-output>
        </test-method> <!-- setUpClass -->
        <test-method status="PASS" signature="RetrievingDatafromJSON()[pri:0, instance:tests.DeleteComputerTest@337d0578]" name="RetrievingDatafromJSON" is-config="true" duration-ms="119" started-at="2019-05-05T13:08:27Z" finished-at="2019-05-05T13:08:27Z">
          <reporter-output>
          </reporter-output>
        </test-method> <!-- RetrievingDatafromJSON -->
        <test-method status="PASS" signature="initiatingPageObjects()[pri:0, instance:tests.DeleteComputerTest@337d0578]" name="initiatingPageObjects" is-config="true" duration-ms="1471" started-at="2019-05-05T13:08:27Z" finished-at="2019-05-05T13:08:29Z">
          <reporter-output>
          </reporter-output>
        </test-method> <!-- initiatingPageObjects -->
        <test-method status="PASS" signature="userCanDeleteComputer()[pri:0, instance:tests.DeleteComputerTest@337d0578]" name="userCanDeleteComputer" duration-ms="9418" started-at="2019-05-05T13:08:29Z" finished-at="2019-05-05T13:08:38Z">
          <reporter-output>
          </reporter-output>
        </test-method> <!-- userCanDeleteComputer -->
        <test-method status="PASS" signature="screeshotOnFailure(org.testng.ITestResult)[pri:0, instance:tests.DeleteComputerTest@337d0578]" name="screeshotOnFailure" is-config="true" duration-ms="1" started-at="2019-05-05T13:08:38Z" finished-at="2019-05-05T13:08:38Z">
          <params>
            <param index="0">
              <value>
                <![CDATA[[TestResult name=userCanDeleteComputer status=SUCCESS method=DeleteComputerTest.userCanDeleteComputer()[pri:0, instance:tests.DeleteComputerTest@337d0578] output={null}]]]>
              </value>
            </param>
          </params>
          <reporter-output>
          </reporter-output>
        </test-method> <!-- screeshotOnFailure -->
        <test-method status="PASS" signature="tearDownClass()[pri:0, instance:tests.DeleteComputerTest@337d0578]" name="tearDownClass" is-config="true" duration-ms="33" started-at="2019-05-05T13:08:38Z" finished-at="2019-05-05T13:08:38Z">
          <reporter-output>
          </reporter-output>
        </test-method> <!-- tearDownClass -->
      </class> <!-- tests.DeleteComputerTest -->
    </test> <!-- Chrome Testing -->
    <test name="Firefox Testing" duration-ms="69929" started-at="2019-05-05T13:09:27Z" finished-at="2019-05-05T13:10:37Z">
      <class name="tests.EditComputerTest">
        <test-method status="PASS" signature="setUpClass()[pri:0, instance:tests.EditComputerTest@4439f31e]" name="setUpClass" is-config="true" duration-ms="13" started-at="2019-05-05T13:10:05Z" finished-at="2019-05-05T13:10:05Z">
          <reporter-output>
          </reporter-output>
        </test-method> <!-- setUpClass -->
        <test-method status="PASS" signature="initiatingPageObjects()[pri:0, instance:tests.EditComputerTest@4439f31e]" name="initiatingPageObjects" is-config="true" duration-ms="1" started-at="2019-05-05T13:10:05Z" finished-at="2019-05-05T13:10:05Z">
          <reporter-output>
          </reporter-output>
        </test-method> <!-- initiatingPageObjects -->
        <test-method status="PASS" signature="RetrievingDatafromJSON()[pri:0, instance:tests.EditComputerTest@4439f31e]" name="RetrievingDatafromJSON" is-config="true" duration-ms="0" started-at="2019-05-05T13:10:05Z" finished-at="2019-05-05T13:10:05Z">
          <reporter-output>
          </reporter-output>
        </test-method> <!-- RetrievingDatafromJSON -->
        <test-method status="PASS" signature="userCanEditComputerName()[pri:1, instance:tests.EditComputerTest@4439f31e]" name="userCanEditComputerName" duration-ms="3643" started-at="2019-05-05T13:10:05Z" finished-at="2019-05-05T13:10:08Z">
          <reporter-output>
          </reporter-output>
        </test-method> <!-- userCanEditComputerName -->
        <test-method status="PASS" signature="screeshotOnFailure(org.testng.ITestResult)[pri:0, instance:tests.EditComputerTest@4439f31e]" name="screeshotOnFailure" is-config="true" duration-ms="0" started-at="2019-05-05T13:10:08Z" finished-at="2019-05-05T13:10:08Z">
          <params>
            <param index="0">
              <value>
                <![CDATA[[TestResult name=userCanEditComputerName status=SUCCESS method=EditComputerTest.userCanEditComputerName()[pri:1, instance:tests.EditComputerTest@4439f31e] output={null}]]]>
              </value>
            </param>
          </params>
          <reporter-output>
          </reporter-output>
        </test-method> <!-- screeshotOnFailure -->
        <test-method status="PASS" signature="initiatingPageObjects()[pri:0, instance:tests.EditComputerTest@4439f31e]" name="initiatingPageObjects" is-config="true" duration-ms="1" started-at="2019-05-05T13:10:17Z" finished-at="2019-05-05T13:10:17Z">
          <reporter-output>
          </reporter-output>
        </test-method> <!-- initiatingPageObjects -->
        <test-method status="PASS" signature="userCanEditSavedComputerData()[pri:2, instance:tests.EditComputerTest@4439f31e]" name="userCanEditSavedComputerData" duration-ms="3833" started-at="2019-05-05T13:10:17Z" finished-at="2019-05-05T13:10:21Z">
          <reporter-output>
          </reporter-output>
        </test-method> <!-- userCanEditSavedComputerData -->
        <test-method status="PASS" signature="screeshotOnFailure(org.testng.ITestResult)[pri:0, instance:tests.EditComputerTest@4439f31e]" name="screeshotOnFailure" is-config="true" duration-ms="1" started-at="2019-05-05T13:10:21Z" finished-at="2019-05-05T13:10:21Z">
          <params>
            <param index="0">
              <value>
                <![CDATA[[TestResult name=userCanEditSavedComputerData status=SUCCESS method=EditComputerTest.userCanEditSavedComputerData()[pri:2, instance:tests.EditComputerTest@4439f31e] output={null}]]]>
              </value>
            </param>
          </params>
          <reporter-output>
          </reporter-output>
        </test-method> <!-- screeshotOnFailure -->
        <test-method status="PASS" signature="initiatingPageObjects()[pri:0, instance:tests.EditComputerTest@4439f31e]" name="initiatingPageObjects" is-config="true" duration-ms="1" started-at="2019-05-05T13:10:29Z" finished-at="2019-05-05T13:10:29Z">
          <reporter-output>
          </reporter-output>
        </test-method> <!-- initiatingPageObjects -->
        <test-method status="PASS" signature="userCannotEditComputerWithoutName()[pri:3, instance:tests.EditComputerTest@4439f31e]" name="userCannotEditComputerWithoutName" duration-ms="4761" started-at="2019-05-05T13:10:29Z" finished-at="2019-05-05T13:10:34Z">
          <reporter-output>
          </reporter-output>
        </test-method> <!-- userCannotEditComputerWithoutName -->
        <test-method status="PASS" signature="tearDownClass()[pri:0, instance:tests.EditComputerTest@4439f31e]" name="tearDownClass" is-config="true" duration-ms="1" started-at="2019-05-05T13:10:34Z" finished-at="2019-05-05T13:10:34Z">
          <reporter-output>
          </reporter-output>
        </test-method> <!-- tearDownClass -->
        <test-method status="PASS" signature="screeshotOnFailure(org.testng.ITestResult)[pri:0, instance:tests.EditComputerTest@4439f31e]" name="screeshotOnFailure" is-config="true" duration-ms="0" started-at="2019-05-05T13:10:34Z" finished-at="2019-05-05T13:10:34Z">
          <params>
            <param index="0">
              <value>
                <![CDATA[[TestResult name=userCannotEditComputerWithoutName status=SUCCESS method=EditComputerTest.userCannotEditComputerWithoutName()[pri:3, instance:tests.EditComputerTest@4439f31e] output={null}]]]>
              </value>
            </param>
          </params>
          <reporter-output>
          </reporter-output>
        </test-method> <!-- screeshotOnFailure -->
      </class> <!-- tests.EditComputerTest -->
      <class name="tests.ViewComputerDataTest">
        <test-method status="PASS" signature="setUpClass()[pri:0, instance:tests.ViewComputerDataTest@5d5eef3d]" name="setUpClass" is-config="true" duration-ms="22" started-at="2019-05-05T13:10:11Z" finished-at="2019-05-05T13:10:11Z">
          <reporter-output>
          </reporter-output>
        </test-method> <!-- setUpClass -->
        <test-method status="PASS" signature="RetrievingDatafromJSON()[pri:0, instance:tests.ViewComputerDataTest@5d5eef3d]" name="RetrievingDatafromJSON" is-config="true" duration-ms="1" started-at="2019-05-05T13:10:11Z" finished-at="2019-05-05T13:10:11Z">
          <reporter-output>
          </reporter-output>
        </test-method> <!-- RetrievingDatafromJSON -->
        <test-method status="PASS" signature="initiatingPageObjects()[pri:0, instance:tests.ViewComputerDataTest@5d5eef3d]" name="initiatingPageObjects" is-config="true" duration-ms="1" started-at="2019-05-05T13:10:11Z" finished-at="2019-05-05T13:10:11Z">
          <reporter-output>
          </reporter-output>
        </test-method> <!-- initiatingPageObjects -->
        <test-method status="PASS" signature="userCanViewComputerDataInSearchResults()[pri:1, instance:tests.ViewComputerDataTest@5d5eef3d]" name="userCanViewComputerDataInSearchResults" duration-ms="3287" started-at="2019-05-05T13:10:11Z" finished-at="2019-05-05T13:10:15Z">
          <reporter-output>
          </reporter-output>
        </test-method> <!-- userCanViewComputerDataInSearchResults -->
        <test-method status="PASS" signature="screeshotOnFailure(org.testng.ITestResult)[pri:0, instance:tests.ViewComputerDataTest@5d5eef3d]" name="screeshotOnFailure" is-config="true" duration-ms="0" started-at="2019-05-05T13:10:15Z" finished-at="2019-05-05T13:10:15Z">
          <params>
            <param index="0">
              <value>
                <![CDATA[[TestResult name=userCanViewComputerDataInSearchResults status=SUCCESS method=ViewComputerDataTest.userCanViewComputerDataInSearchResults()[pri:1, instance:tests.ViewComputerDataTest@5d5eef3d] output={null}]]]>
              </value>
            </param>
          </params>
          <reporter-output>
          </reporter-output>
        </test-method> <!-- screeshotOnFailure -->
        <test-method status="PASS" signature="initiatingPageObjects()[pri:0, instance:tests.ViewComputerDataTest@5d5eef3d]" name="initiatingPageObjects" is-config="true" duration-ms="1" started-at="2019-05-05T13:10:25Z" finished-at="2019-05-05T13:10:25Z">
          <reporter-output>
          </reporter-output>
        </test-method> <!-- initiatingPageObjects -->
        <test-method status="PASS" signature="userCanViewComputerDataInEditPage()[pri:2, instance:tests.ViewComputerDataTest@5d5eef3d]" name="userCanViewComputerDataInEditPage" duration-ms="4237" started-at="2019-05-05T13:10:25Z" finished-at="2019-05-05T13:10:29Z">
          <reporter-output>
          </reporter-output>
        </test-method> <!-- userCanViewComputerDataInEditPage -->
        <test-method status="PASS" signature="screeshotOnFailure(org.testng.ITestResult)[pri:0, instance:tests.ViewComputerDataTest@5d5eef3d]" name="screeshotOnFailure" is-config="true" duration-ms="0" started-at="2019-05-05T13:10:29Z" finished-at="2019-05-05T13:10:29Z">
          <params>
            <param index="0">
              <value>
                <![CDATA[[TestResult name=userCanViewComputerDataInEditPage status=SUCCESS method=ViewComputerDataTest.userCanViewComputerDataInEditPage()[pri:2, instance:tests.ViewComputerDataTest@5d5eef3d] output={null}]]]>
              </value>
            </param>
          </params>
          <reporter-output>
          </reporter-output>
        </test-method> <!-- screeshotOnFailure -->
        <test-method status="PASS" signature="tearDownClass()[pri:0, instance:tests.ViewComputerDataTest@5d5eef3d]" name="tearDownClass" is-config="true" duration-ms="0" started-at="2019-05-05T13:10:29Z" finished-at="2019-05-05T13:10:29Z">
          <reporter-output>
          </reporter-output>
        </test-method> <!-- tearDownClass -->
      </class> <!-- tests.ViewComputerDataTest -->
      <class name="tests.AddComputerTest">
        <test-method status="PASS" signature="SetUpEnvironment(java.lang.String)[pri:0, instance:tests.AddComputerTest@215be6bb]" name="SetUpEnvironment" is-config="true" duration-ms="21340" started-at="2019-05-05T13:09:27Z" finished-at="2019-05-05T13:09:49Z">
          <params>
            <param index="0">
              <value>
                <![CDATA[firefox]]>
              </value>
            </param>
          </params>
          <reporter-output>
          </reporter-output>
        </test-method> <!-- SetUpEnvironment -->
        <test-method status="PASS" signature="setUpClass()[pri:0, instance:tests.AddComputerTest@215be6bb]" name="setUpClass" is-config="true" duration-ms="14" started-at="2019-05-05T13:10:03Z" finished-at="2019-05-05T13:10:03Z">
          <reporter-output>
          </reporter-output>
        </test-method> <!-- setUpClass -->
        <test-method status="PASS" signature="RetrievingDatafromJSON()[pri:0, instance:tests.AddComputerTest@215be6bb]" name="RetrievingDatafromJSON" is-config="true" duration-ms="1" started-at="2019-05-05T13:10:03Z" finished-at="2019-05-05T13:10:03Z">
          <reporter-output>
          </reporter-output>
        </test-method> <!-- RetrievingDatafromJSON -->
        <test-method status="PASS" signature="initiatingPageObjects()[pri:0, instance:tests.AddComputerTest@215be6bb]" name="initiatingPageObjects" is-config="true" duration-ms="1" started-at="2019-05-05T13:10:03Z" finished-at="2019-05-05T13:10:03Z">
          <reporter-output>
          </reporter-output>
        </test-method> <!-- initiatingPageObjects -->
        <test-method status="PASS" signature="userCanAddNewComputer()[pri:1, instance:tests.AddComputerTest@215be6bb]" name="userCanAddNewComputer" duration-ms="1950" started-at="2019-05-05T13:10:03Z" finished-at="2019-05-05T13:10:05Z">
          <reporter-output>
          </reporter-output>
        </test-method> <!-- userCanAddNewComputer -->
        <test-method status="PASS" signature="screeshotOnFailure(org.testng.ITestResult)[pri:0, instance:tests.AddComputerTest@215be6bb]" name="screeshotOnFailure" is-config="true" duration-ms="0" started-at="2019-05-05T13:10:05Z" finished-at="2019-05-05T13:10:05Z">
          <params>
            <param index="0">
              <value>
                <![CDATA[[TestResult name=userCanAddNewComputer status=SUCCESS method=AddComputerTest.userCanAddNewComputer()[pri:1, instance:tests.AddComputerTest@215be6bb] output={null}]]]>
              </value>
            </param>
          </params>
          <reporter-output>
          </reporter-output>
        </test-method> <!-- screeshotOnFailure -->
        <test-method status="PASS" signature="initiatingPageObjects()[pri:0, instance:tests.AddComputerTest@215be6bb]" name="initiatingPageObjects" is-config="true" duration-ms="4" started-at="2019-05-05T13:10:15Z" finished-at="2019-05-05T13:10:15Z">
          <reporter-output>
          </reporter-output>
        </test-method> <!-- initiatingPageObjects -->
        <test-method status="PASS" signature="userCannotAddComputerWithoutName()[pri:2, instance:tests.AddComputerTest@215be6bb]" name="userCannotAddComputerWithoutName" duration-ms="2631" started-at="2019-05-05T13:10:15Z" finished-at="2019-05-05T13:10:17Z">
          <reporter-output>
          </reporter-output>
        </test-method> <!-- userCannotAddComputerWithoutName -->
        <test-method status="PASS" signature="screeshotOnFailure(org.testng.ITestResult)[pri:0, instance:tests.AddComputerTest@215be6bb]" name="screeshotOnFailure" is-config="true" duration-ms="1" started-at="2019-05-05T13:10:17Z" finished-at="2019-05-05T13:10:17Z">
          <params>
            <param index="0">
              <value>
                <![CDATA[[TestResult name=userCannotAddComputerWithoutName status=SUCCESS method=AddComputerTest.userCannotAddComputerWithoutName()[pri:2, instance:tests.AddComputerTest@215be6bb] output={null}]]]>
              </value>
            </param>
          </params>
          <reporter-output>
          </reporter-output>
        </test-method> <!-- screeshotOnFailure -->
        <test-method status="PASS" signature="tearDownClass()[pri:0, instance:tests.AddComputerTest@215be6bb]" name="tearDownClass" is-config="true" duration-ms="0" started-at="2019-05-05T13:10:17Z" finished-at="2019-05-05T13:10:17Z">
          <reporter-output>
          </reporter-output>
        </test-method> <!-- tearDownClass -->
        <test-method status="PASS" signature="StopDriver()[pri:0, instance:tests.AddComputerTest@215be6bb]" name="StopDriver" is-config="true" duration-ms="3071" started-at="2019-05-05T13:10:34Z" finished-at="2019-05-05T13:10:37Z">
          <reporter-output>
          </reporter-output>
        </test-method> <!-- StopDriver -->
      </class> <!-- tests.AddComputerTest -->
      <class name="tests.SearchForComputerTest">
        <test-method status="PASS" signature="setUpClass()[pri:0, instance:tests.SearchForComputerTest@23ceabc1]" name="setUpClass" is-config="true" duration-ms="10" started-at="2019-05-05T13:10:08Z" finished-at="2019-05-05T13:10:08Z">
          <reporter-output>
          </reporter-output>
        </test-method> <!-- setUpClass -->
        <test-method status="PASS" signature="RetrievingDatafromJSON()[pri:0, instance:tests.SearchForComputerTest@23ceabc1]" name="RetrievingDatafromJSON" is-config="true" duration-ms="0" started-at="2019-05-05T13:10:08Z" finished-at="2019-05-05T13:10:08Z">
          <reporter-output>
          </reporter-output>
        </test-method> <!-- RetrievingDatafromJSON -->
        <test-method status="PASS" signature="userCanSearchForComputerName()[pri:1, instance:tests.SearchForComputerTest@23ceabc1]" name="userCanSearchForComputerName" duration-ms="2794" started-at="2019-05-05T13:10:08Z" finished-at="2019-05-05T13:10:11Z">
          <reporter-output>
          </reporter-output>
        </test-method> <!-- userCanSearchForComputerName -->
        <test-method status="PASS" signature="initiatingPageObjects()[pri:0, instance:tests.SearchForComputerTest@23ceabc1]" name="initiatingPageObjects" is-config="true" duration-ms="0" started-at="2019-05-05T13:10:08Z" finished-at="2019-05-05T13:10:08Z">
          <reporter-output>
          </reporter-output>
        </test-method> <!-- initiatingPageObjects -->
        <test-method status="PASS" signature="screeshotOnFailure(org.testng.ITestResult)[pri:0, instance:tests.SearchForComputerTest@23ceabc1]" name="screeshotOnFailure" is-config="true" duration-ms="0" started-at="2019-05-05T13:10:11Z" finished-at="2019-05-05T13:10:11Z">
          <params>
            <param index="0">
              <value>
                <![CDATA[[TestResult name=userCanSearchForComputerName status=SUCCESS method=SearchForComputerTest.userCanSearchForComputerName()[pri:1, instance:tests.SearchForComputerTest@23ceabc1] output={null}]]]>
              </value>
            </param>
          </params>
          <reporter-output>
          </reporter-output>
        </test-method> <!-- screeshotOnFailure -->
        <test-method status="PASS" signature="initiatingPageObjects()[pri:0, instance:tests.SearchForComputerTest@23ceabc1]" name="initiatingPageObjects" is-config="true" duration-ms="1" started-at="2019-05-05T13:10:21Z" finished-at="2019-05-05T13:10:21Z">
          <reporter-output>
          </reporter-output>
        </test-method> <!-- initiatingPageObjects -->
        <test-method status="PASS" signature="usercannotFindDeletedUniqueComputerName()[pri:2, instance:tests.SearchForComputerTest@23ceabc1]" name="usercannotFindDeletedUniqueComputerName" duration-ms="4241" started-at="2019-05-05T13:10:21Z" finished-at="2019-05-05T13:10:25Z">
          <reporter-output>
          </reporter-output>
        </test-method> <!-- usercannotFindDeletedUniqueComputerName -->
        <test-method status="PASS" signature="screeshotOnFailure(org.testng.ITestResult)[pri:0, instance:tests.SearchForComputerTest@23ceabc1]" name="screeshotOnFailure" is-config="true" duration-ms="0" started-at="2019-05-05T13:10:25Z" finished-at="2019-05-05T13:10:25Z">
          <params>
            <param index="0">
              <value>
                <![CDATA[[TestResult name=usercannotFindDeletedUniqueComputerName status=SUCCESS method=SearchForComputerTest.usercannotFindDeletedUniqueComputerName()[pri:2, instance:tests.SearchForComputerTest@23ceabc1] output={null}]]]>
              </value>
            </param>
          </params>
          <reporter-output>
          </reporter-output>
        </test-method> <!-- screeshotOnFailure -->
        <test-method status="PASS" signature="tearDownClass()[pri:0, instance:tests.SearchForComputerTest@23ceabc1]" name="tearDownClass" is-config="true" duration-ms="0" started-at="2019-05-05T13:10:25Z" finished-at="2019-05-05T13:10:25Z">
          <reporter-output>
          </reporter-output>
        </test-method> <!-- tearDownClass -->
      </class> <!-- tests.SearchForComputerTest -->
      <class name="tests.DeleteComputerTest">
        <test-method status="PASS" signature="setUpClass()[pri:0, instance:tests.DeleteComputerTest@5dfcfece]" name="setUpClass" is-config="true" duration-ms="21" started-at="2019-05-05T13:09:49Z" finished-at="2019-05-05T13:09:49Z">
          <reporter-output>
          </reporter-output>
        </test-method> <!-- setUpClass -->
        <test-method status="PASS" signature="RetrievingDatafromJSON()[pri:0, instance:tests.DeleteComputerTest@5dfcfece]" name="RetrievingDatafromJSON" is-config="true" duration-ms="1" started-at="2019-05-05T13:09:49Z" finished-at="2019-05-05T13:09:49Z">
          <reporter-output>
          </reporter-output>
        </test-method> <!-- RetrievingDatafromJSON -->
        <test-method status="PASS" signature="initiatingPageObjects()[pri:0, instance:tests.DeleteComputerTest@5dfcfece]" name="initiatingPageObjects" is-config="true" duration-ms="2" started-at="2019-05-05T13:09:49Z" finished-at="2019-05-05T13:09:49Z">
          <reporter-output>
          </reporter-output>
        </test-method> <!-- initiatingPageObjects -->
        <test-method status="PASS" signature="userCanDeleteComputer()[pri:0, instance:tests.DeleteComputerTest@5dfcfece]" name="userCanDeleteComputer" duration-ms="14034" started-at="2019-05-05T13:09:49Z" finished-at="2019-05-05T13:10:03Z">
          <reporter-output>
          </reporter-output>
        </test-method> <!-- userCanDeleteComputer -->
        <test-method status="PASS" signature="screeshotOnFailure(org.testng.ITestResult)[pri:0, instance:tests.DeleteComputerTest@5dfcfece]" name="screeshotOnFailure" is-config="true" duration-ms="1" started-at="2019-05-05T13:10:03Z" finished-at="2019-05-05T13:10:03Z">
          <params>
            <param index="0">
              <value>
                <![CDATA[[TestResult name=userCanDeleteComputer status=SUCCESS method=DeleteComputerTest.userCanDeleteComputer()[pri:0, instance:tests.DeleteComputerTest@5dfcfece] output={null}]]]>
              </value>
            </param>
          </params>
          <reporter-output>
          </reporter-output>
        </test-method> <!-- screeshotOnFailure -->
        <test-method status="PASS" signature="tearDownClass()[pri:0, instance:tests.DeleteComputerTest@5dfcfece]" name="tearDownClass" is-config="true" duration-ms="0" started-at="2019-05-05T13:10:03Z" finished-at="2019-05-05T13:10:03Z">
          <reporter-output>
          </reporter-output>
        </test-method> <!-- tearDownClass -->
      </class> <!-- tests.DeleteComputerTest -->
    </test> <!-- Firefox Testing -->
  </suite> <!-- Regression Suite -->
</testng-results>
